cl : command line warning D9035: option 'clr:pure' has been deprecated and will be removed in a future release
  stdafx.cpp
cl : command line warning D9035: option 'clr:pure' has been deprecated and will be removed in a future release
  AssemblyInfo.cpp
C:\Hoan\hoc_tap\C++\project_cuoi_ky\source_code\form\form\AssemblyInfo.cpp(40,29): warning C4947: 'System::Security::Permissions::SecurityAction::RequestMinimum': marked as obsolete
C:\Hoan\hoc_tap\C++\project_cuoi_ky\source_code\form\form\AssemblyInfo.cpp(40,29): message : Message: 'Assembly level declarative security is obsolete and is no longer enforced by the CLR by default. See http://go.microsoft.com/fwlink/?LinkID=155570 for more information.'
  form.cpp
C:\Hoan\hoc_tap\C++\project_cuoi_ky\source_code\form\form\Login.h(2,10): warning C4067: unexpected tokens following preprocessor directive - expected a newline
  Form1.cpp
  Form2.cpp
  Form3.cpp
  Form4.cpp
  Form5.cpp
  Form6.cpp
  Login.cpp
C:\Hoan\hoc_tap\C++\project_cuoi_ky\source_code\form\form\Login.h(2,10): warning C4067: unexpected tokens following preprocessor directive - expected a newline
  Generating Code...
cl : command line warning D9035: option 'clr:pure' has been deprecated and will be removed in a future release
  .NETFramework,Version=v4.0.AssemblyAttributes.cpp
  AssemblyInfo.obj : MSIL module encountered; incremental linking is disabled for MSIL; performing full link
  form.vcxproj -> C:\Hoan\hoc_tap\C++\project_cuoi_ky\source_code\form\Debug\form.exe
